\BOOKMARK [2][-]{subsection*.1}{\376\377\0001\0009\0008\0002}{}% 1
\BOOKMARK [2][-]{subsection*.2}{\376\377\000B\000e\000d\000n\000a\000\040\000o\000d\000\040\000w\000h\000i\000s\000k\000y}{}% 2
\BOOKMARK [2][-]{subsection*.3}{\376\377\000D\000i\000v\000o\000c\000\355\000\040\000k\000o\000n\001\033}{}% 3
\BOOKMARK [2][-]{subsection*.4}{\376\377\000D\001\157\000m\000\040\000u\000\040\000v\000y\000c\000h\000\341\000z\000e\000j\000\355\000c\000\355\000h\000o\000\040\000s\000l\000u\000n\000c\000e}{}% 4
\BOOKMARK [2][-]{subsection*.5}{\376\377\000E\000l\000d\000o\000r\000\341\000d\000o}{}% 5
\BOOKMARK [2][-]{subsection*.6}{\376\377\000H\000e\000r\000c\000e\000g\000o\000v\000i\000n\000a}{}% 6
\BOOKMARK [2][-]{subsection*.7}{\376\377\000H\000l\000u\000p\000\341\000k\000u\000,\000\040\000n\000a\000j\000d\000u\000\040\000t\001\033}{}% 7
\BOOKMARK [2][-]{subsection*.8}{\376\377\000H\000u\000d\000s\000o\000n\000s\000k\000\351\000\040\001\141\000\355\000f\000y}{}% 8
\BOOKMARK [2][-]{subsection*.9}{\376\377\000J\000a\000c\000e\000k}{}% 9
\BOOKMARK [2][-]{subsection*.10}{\376\377\000K\000d\000y\001\176\000\040\000m\001\033\000\040\000b\000r\000a\000l\000i\000\040\000z\000a\000\040\000v\000o\000j\000\341\000k\000a}{}% 10
\BOOKMARK [2][-]{subsection*.11}{\376\377\000K\000u\000t\000i\000l}{}% 11
\BOOKMARK [2][-]{subsection*.12}{\376\377\000L\000\341\000s\000k\000o\000!}{}% 12
\BOOKMARK [2][-]{subsection*.13}{\376\377\000L\000e\000t\000\040\000I\000t\000\040\000B\000e}{}% 13
\BOOKMARK [2][-]{subsection*.14}{\376\377\000L\000i\000l\000i\000e}{}% 14
\BOOKMARK [2][-]{subsection*.15}{\376\377\000L\000o\000k\000o\000m\000o\000t\000i\000v\000a}{}% 15
\BOOKMARK [2][-]{subsection*.16}{\376\377\000M\000\341\000m\000\040\000j\000i\000z\000v\000u\000\040\000n\000a\000\040\000r\000t\000u}{}% 16
\BOOKMARK [2][-]{subsection*.17}{\376\377\000M\000e\000d\000v\001\033\000d\000i\000\040\000n\000e\000v\001\033\000d\000\355}{}% 17
\BOOKMARK [2][-]{subsection*.18}{\376\377\000M\000o\000n\000t\000g\000o\000m\000e\000r\000y}{}% 18
\BOOKMARK [2][-]{subsection*.19}{\376\377\000N\000a\000\040\000K\000o\000l\000e\000n\000a}{}% 19
\BOOKMARK [2][-]{subsection*.20}{\376\377\000N\000a\000\040\001\141\000i\000r\000\351\000m\000\040\000m\000o\001\131\000i}{}% 20
\BOOKMARK [2][-]{subsection*.21}{\376\377\000P\000e\000t\001\033\000r\000b\000u\000r\000g}{}% 21
\BOOKMARK [2][-]{subsection*.22}{\376\377\000P\000o\000\040\000s\000c\000h\000o\000d\000o\000c\000h}{}% 22
\BOOKMARK [2][-]{subsection*.23}{\376\377\000P\000o\000c\000i\000t\000y}{}% 23
\BOOKMARK [2][-]{subsection*.24}{\376\377\000P\000o\000d\000v\000o\000d}{}% 24
\BOOKMARK [2][-]{subsection*.25}{\376\377\000P\000o\000v\001\033\000s\000t\000e\000\040\000h\000o\000\040\000v\000e\000j\001\141}{}% 25
\BOOKMARK [2][-]{subsection*.26}{\376\377\000P\000o\000v\000\355\000d\000e\000j}{}% 26
\BOOKMARK [2][-]{subsection*.27}{\376\377\000P\000o\000v\000\355\000d\000e\000j}{}% 27
\BOOKMARK [2][-]{subsection*.28}{\376\377\000P\000r\000o\000k\000l\000i\000n\000a\000m}{}% 28
\BOOKMARK [2][-]{subsection*.29}{\376\377\000R\001\157\001\176\000e\000\040\000z\000\040\000T\000e\000x\000a\000s\000u}{}% 29
\BOOKMARK [2][-]{subsection*.30}{\376\377\000S\000t\000\375\000s\000k\000\341\000n\000\355}{}% 30
\BOOKMARK [2][-]{subsection*.31}{\376\377\000T\001\131\000i\000\040\000k\001\131\000\355\001\176\000e}{}% 31
\BOOKMARK [2][-]{subsection*.32}{\376\377\000V\000\341\000l\000e\001\015\000n\000\341}{}% 32
\BOOKMARK [2][-]{subsection*.33}{\376\377\000V\000\341\000l\000k\000a\000\040\000r\001\157\001\176\000\355}{}% 33
\BOOKMARK [2][-]{subsection*.34}{\376\377\000V\000a\000r\000i\000a\000c\000e\000\040\000n\000a\000\040\000r\000e\000n\000e\000s\000a\000n\001\015\000n\000\355\000\040\000t\000\351\000m\000a}{}% 34
\BOOKMARK [2][-]{subsection*.35}{\376\377\000V\000e\000l\000r\000y\000b\000\341\001\131\000s\000k\000\341\000\040\000v\000\375\000p\000r\000a\000v\000a}{}% 35
\BOOKMARK [2][-]{subsection*.36}{\376\377\000V\000\355\000t\000r}{}% 36
\BOOKMARK [2][-]{subsection*.37}{\376\377\000V\000o\000d\000\341\000c\000k\000\341\000\040\000h\000o\000l\000k\000a}{}% 37
\BOOKMARK [2][-]{subsection*.38}{\376\377\000Z\000a\000t\000\355\000m\000c\000o\000\040\000s\000e\000\040\000k\000o\000u\000p\000e\001\141}{}% 38
\BOOKMARK [2][-]{subsection*.39}{\376\377\000Z\000\355\000t\000r\000a\000\040\000r\000\341\000n\000o\000\040\000v\000\040\000p\001\033\000t}{}% 39
\BOOKMARK [2][-]{subsection*.40}{\376\377\000Z\000k\000o\000u\001\141\000k\000a\000\040\000d\000o\000s\000p\001\033\000l\000o\000s\000t\000i}{}% 40
\BOOKMARK [2][-]{subsection*.41}{\376\377\000Z\000n\000\341\000m\000k\000a\000\040\000p\000u\000n\000k\000u}{}% 41
\BOOKMARK [2][-]{subsection*.42}{\376\377\000Z\000u\000z\000a\000n\000a}{}% 42
