\BOOKMARK [2][-]{section*.1}{\376\377\000L\000i\000l\000i\000e}{}% 1
\BOOKMARK [2][-]{section*.2}{\376\377\000P\000e\000t\001\033\000r\000b\000u\000r\000g}{}% 2
\BOOKMARK [2][-]{section*.3}{\376\377\000J\000\341\000\040\000v\000i\000d\001\033\000l\000\040\000d\000i\000v\000o\000k\000\351\000\040\000k\000o\000n\001\033}{}% 3
\BOOKMARK [2][-]{section*.4}{\376\377\000K\000o\000z\000e\000l}{}% 4
\BOOKMARK [2][-]{section*.5}{\376\377\000H\000e\000r\000c\000e\000g\000o\000v\000i\000n\000a}{}% 5
\BOOKMARK [2][-]{section*.6}{\376\377\000D\000o\000k\000u\000d\000\040\000s\000e\000\040\000z\000p\000\355\000v\000\341}{}% 6
\BOOKMARK [2][-]{section*.7}{\376\377\000J\000e\001\141\000t\001\033\000\040\000j\000e\000d\000n\000o\000\040\000k\000a\000f\000e}{}% 7
\BOOKMARK [2][-]{section*.8}{\376\377\000P\000o\000c\000i\000t\000y}{}% 8
\BOOKMARK [2][-]{section*.9}{\376\377\000Z\000u\000z\000a\000n\000a}{}% 9
\BOOKMARK [2][-]{section*.10}{\376\377\000A\000n\000d\001\033\000l}{}% 10
\BOOKMARK [2][-]{section*.11}{\376\377\000P\000o\000\040\000s\000c\000h\000o\000d\000o\000c\000h}{}% 11
\BOOKMARK [2][-]{section*.12}{\376\377\000V\000\341\000l\000k\000a\000\040\000r\001\157\001\176\000\355}{}% 12
\BOOKMARK [2][-]{section*.13}{\376\377\000N\000a\000\040\000K\000o\000l\000e\000n\000a}{}% 13
\BOOKMARK [2][-]{section*.14}{\376\377\000V\001\015\000e\000l\000\355\000n}{}% 14
\BOOKMARK [2][-]{section*.15}{\376\377\000V\000a\000r\000i\000a\000c\000e\000\040\000n\000a\000\040\000r\000e\000n\000e\000s\000a\000n\001\015\000n\000\355\000\040\000t\000\351\000m\000a}{}% 15
\BOOKMARK [2][-]{section*.16}{\376\377\000M\000e\000z\000i\000\040\000h\000o\000r\000a\000m\000i}{}% 16
\BOOKMARK [2][-]{section*.17}{\376\377\000H\000r\000o\000b\000a\001\131}{}% 17
\BOOKMARK [2][-]{section*.18}{\376\377\000P\000a\001\176\000i\000t\000k\000a}{}% 18
\BOOKMARK [2][-]{section*.19}{\376\377\000P\000o\000v\000\355\000d\000e\000j}{}% 19
\BOOKMARK [2][-]{section*.20}{\376\377\000B\000a\000t\000a\000l\000i\000o\000n}{}% 20
\BOOKMARK [2][-]{section*.21}{\376\377\000P\000r\000o\000k\000l\000\355\000n\000\341\000m}{}% 21
\BOOKMARK [2][-]{section*.22}{\376\377\000M\000e\000d\000v\001\033\000d\000i\000\040\000n\000e\000v\001\033\000d\000\355}{}% 22
\BOOKMARK [2][-]{section*.23}{\376\377\000D\001\157\000m\000\040\000u\000\040\000v\000y\000c\000h\000\341\000z\000e\000j\000\355\000c\000\355\000h\000o\000\040\000s\000l\000u\000n\000c\000e}{}% 23
\BOOKMARK [2][-]{section*.24}{\376\377\000K\000n\000o\000c\000k\000i\000n\000'\000\040\000O\000n\000\040\000H\000e\000a\000v\000e\000n\000'\000s\000\040\000D\000o\000o\000r}{}% 24
\BOOKMARK [2][-]{section*.25}{\376\377\000M\000a\000l\000o\000v\000\341\000n\000\355}{}% 25
\BOOKMARK [2][-]{section*.26}{\376\377\000K\000u\000t\000i\000l}{}% 26
\BOOKMARK [2][-]{section*.27}{\376\377\0001\0009\0008\0002}{}% 27
\BOOKMARK [2][-]{section*.28}{\376\377\000T\000o\000\040\000t\000a\000\040\000H\000e\000l\000p\000a}{}% 28
\BOOKMARK [2][-]{section*.29}{\376\377\000C\000e\000s\000t\000a}{}% 29
\BOOKMARK [2][-]{section*.30}{\376\377\000R\000\341\000d\000a\000\040\000s\000e\000\040\000m\000i\000l\000u\000j\000e}{}% 30
\BOOKMARK [2][-]{section*.31}{\376\377\000H\000v\001\033\000z\000d\000\341\001\131}{}% 31
\BOOKMARK [2][-]{section*.32}{\376\377\0001\000.\000\040\000s\000i\000g\000n\000\341\000l\000n\000\355}{}% 32
\BOOKMARK [2][-]{section*.33}{\376\377\000S\000l\000a\000v\000\355\000c\000i\000\040\000z\000\040\000M\000a\000d\000r\000i\000d\000u}{}% 33
\BOOKMARK [2][-]{section*.34}{\376\377\000R\000o\000s\000a\000\040\000n\000a\000\040\000k\000o\000l\000e\000j\000\355\000c\000h}{}% 34
\BOOKMARK [2][-]{section*.35}{\376\377\000E\000l\000d\000o\000r\000\341\000d\000o}{}% 35
\BOOKMARK [2][-]{section*.36}{\376\377\000R\000a\000c\000c\000i}{}% 36
\BOOKMARK [2][-]{section*.37}{\376\377\000Z\000e\000j\000t\000r\000a\000\040\000m\000\341\000m}{}% 37
\BOOKMARK [2][-]{section*.38}{\376\377\000J\000d\000e\000m\000\040\000z\000p\000\341\000t\000k\000y\000\040\000d\000o\000\040\000l\000e\000s\001\157}{}% 38
\BOOKMARK [2][-]{section*.39}{\376\377\000S\000e\000v\000e\000r\000n\000\355\000\040\000v\000\355\000t\000r}{}% 39
\BOOKMARK [2][-]{section*.40}{\376\377\000R\000\341\000n\000a\000\040\000v\000\040\000t\000r\000\341\000v\001\033}{}% 40
\BOOKMARK [2][-]{section*.41}{\376\377\000V\000y\000s\000o\000k\000\375\000\040\000j\000a\000l\000o\000v\000e\000c}{}% 41
\BOOKMARK [2][-]{section*.42}{\376\377\000A\000h\000a\000s\000v\000\351\000r}{}% 42
\BOOKMARK [2][-]{section*.43}{\376\377\000M\001\033\000l\000a\000\040\000j\000s\000e\000m\000\040\000j\000\341\000\040\000p\000e\000j\000s\000k\000a}{}% 43
\BOOKMARK [2][-]{section*.44}{\376\377\000T\001\131\000i\000\040\000c\000i\000t\000r\000\363\000n\000k\000y}{}% 44
\BOOKMARK [2][-]{section*.45}{\376\377\000S\000\341\000r\000o\000!}{}% 45
\BOOKMARK [2][-]{section*.46}{\376\377\000Z\000a\000t\000\355\000m\000c\000o\000\040\000s\000e\000\040\000k\000o\000u\000p\000e\001\141}{}% 46
\BOOKMARK [2][-]{section*.47}{\376\377\000V\000e\000l\000r\000y\000b\000\341\001\131\000s\000k\000\341\000\040\000v\000\375\000p\000r\000a\000v\000a}{}% 47
\BOOKMARK [2][-]{section*.48}{\376\377\000M\000o\000n\000t\000g\000o\000m\000e\000r\000y}{}% 48
\BOOKMARK [2][-]{section*.49}{\376\377\000H\000e\000j\000k\000a\000l}{}% 49
\BOOKMARK [2][-]{section*.50}{\376\377\000A\000m\000a\000z\000o\000n\000k\000a}{}% 50
\BOOKMARK [2][-]{section*.51}{\376\377\000L\000o\000k\000o\000m\000o\000t\000i\000v\000a}{}% 51
\BOOKMARK [2][-]{section*.52}{\376\377\000D\000e\000j\000\040\000m\000i\000\040\000v\000\355\000c\000\040\000s\000v\000\351\000\040\000l\000\341\000s\000k\000y}{}% 52
\BOOKMARK [2][-]{section*.53}{\376\377\000J\000o\001\176\000i\000n\000\040\000z\000\040\000b\000a\001\176\000i\000n}{}% 53
\BOOKMARK [2][-]{section*.54}{\376\377\000T\001\131\000i\000\040\000k\001\131\000\355\001\176\000e}{}% 54
\BOOKMARK [2][-]{section*.55}{\376\377\000J\000a\000c\000e\000k}{}% 55
\BOOKMARK [2][-]{section*.56}{\376\377\000T\000r\000a\000k\000t\000o\000r}{}% 56
\BOOKMARK [2][-]{section*.57}{\376\377\000V\000o\000d\000\341\000c\000k\000\341\000\040\000h\000o\000l\000k\000a}{}% 57
\BOOKMARK [2][-]{section*.58}{\376\377\000K\000d\000y\001\176\000\040\000m\001\033\000\040\000b\000r\000a\000l\000i\000\040\000z\000a\000\040\000v\000o\000j\000\341\000k\000a}{}% 58
\BOOKMARK [2][-]{section*.59}{\376\377\000T\001\033\001\141\000\355\000n\000s\000k\000\341}{}% 59
\BOOKMARK [2][-]{section*.60}{\376\377\000Z\000n\000\341\000m\000k\000a\000\040\000p\000u\000n\000k\000u}{}% 60
\BOOKMARK [2][-]{section*.61}{\376\377\000V\000l\000a\001\141\000t\000o\000v\000k\000y}{}% 61
\BOOKMARK [2][-]{section*.62}{\376\377\000P\000o\000v\001\033\000s\000t\000e\000\040\000h\000o\000\040\000v\000e\000j\001\141}{}% 62
\BOOKMARK [2][-]{section*.63}{\376\377\000H\000l\000u\000p\000\341\000k\000u\000,\000\040\000n\000a\000j\000d\000u\000\040\000t\001\033}{}% 63
\BOOKMARK [2][-]{section*.64}{\376\377\000L\000o\000u\000\040\000z\000\040\000L\000i\000l\000l\000e}{}% 64
\BOOKMARK [2][-]{section*.65}{\376\377\000L\000o\000v\000c\000i\000\040\000l\000e\000b\000e\000k}{}% 65
\BOOKMARK [2][-]{section*.66}{\376\377\000V\000\341\000l\000e\001\015\000n\000\341}{}% 66
\BOOKMARK [2][-]{section*.67}{\376\377\000M\000o\000r\000i\000t\000u\000r\000i\000\040\000t\000e\000\040\000s\000a\000l\000u\000t\000a\000n\000t}{}% 67
\BOOKMARK [2][-]{section*.68}{\376\377\000P\000r\000o\000m\001\033\000n\000y}{}% 68
\BOOKMARK [2][-]{section*.69}{\376\377\000L\000e\000t\000\040\000I\000t\000\040\000B\000e}{}% 69
\BOOKMARK [2][-]{section*.70}{\376\377\000V\000\355\000t\000r\000\040\000t\000o\000\040\000v\000\355}{}% 70
\BOOKMARK [2][-]{section*.71}{\376\377\000N\000a\000\040\001\141\000i\000r\000\351\000m\000\040\000m\000o\001\131\000i}{}% 71
\BOOKMARK [2][-]{section*.72}{\376\377\000P\000o\000d\000v\000o\000d}{}% 72
\BOOKMARK [2][-]{section*.73}{\376\377\000I\000n\000d\000i\000\341\000n\000i\000\040\000v\000e\000\040\000m\001\033\000s\000t\001\033}{}% 73
\BOOKMARK [2][-]{section*.74}{\376\377\000Z\000k\000o\000u\001\141\000k\000a\000\040\000d\000o\000s\000p\001\033\000l\000o\000s\000t\000i}{}% 74
\BOOKMARK [2][-]{section*.75}{\376\377\000S\000t\000\375\000s\000k\000\341\000n\000\355}{}% 75
\BOOKMARK [2][-]{section*.76}{\376\377\000M\000\341\000m\000\040\000j\000i\000z\000v\000u\000\040\000n\000a\000\040\000r\000t\000u}{}% 76
\BOOKMARK [2][-]{section*.77}{\376\377\001\130\000e\000k\000n\000i\000,\000k\000d\000e\000\040\000t\000y\000\040\000k\000y\000t\000k\000y\000\040\000j\000s\000o\000u}{}% 77
\BOOKMARK [2][-]{section*.78}{\376\377\000H\000u\000d\000s\000o\000n\000s\000k\000\351\000\040\001\141\000\355\000f\000y}{}% 78
\BOOKMARK [2][-]{section*.79}{\376\377\000R\001\157\001\176\000e\000\040\000z\000\040\000T\000e\000x\000a\000s\000u}{}% 79
\BOOKMARK [2][-]{section*.80}{\376\377\000U\001\176\000\040\000t\000o\000\040\000n\000e\000n\000a\000p\000r\000a\000v\000\355\000m}{}% 80
\BOOKMARK [2][-]{section*.81}{\376\377\000D\000a\000r\000m\000o\000d\001\033\000j}{}% 81
\BOOKMARK [2][-]{section*.82}{\376\377\000K\000o\000m\000e\000t\000a}{}% 82
\BOOKMARK [2][-]{section*.83}{\376\377\000B\000l\000\341\000t\000i\000v\000\341\000\040\000c\000e\000s\000t\000a}{}% 83
\BOOKMARK [2][-]{section*.84}{\376\377\000L\000i\000l\000i\000e\000\040\000s\000k\000a\000u\000t\000s\000k\000\341}{}% 84
\BOOKMARK [2][-]{section*.85}{\376\377\000O\000m\000n\000i\000a\000\040\000v\000i\000n\000c\000i\000t\000\040\000a\000m\000o\000r}{}% 85
\BOOKMARK [2][-]{section*.86}{\376\377\000Z\000\355\000t\000r\000a\000\040\000r\000\341\000n\000o\000\040\000v\000\040\000p\001\033\000t}{}% 86
\BOOKMARK [2][-]{section*.87}{\376\377\000L\000\341\000s\000k\000o\000!}{}% 87
\BOOKMARK [2][-]{section*.88}{\376\377\000B\000e\000d\000n\000a\000\040\000o\000d\000\040\000w\000h\000i\000s\000k\000y}{}% 88
\BOOKMARK [2][-]{section*.89}{\376\377\000J\000d\000o\000u\000\040\000p\000o\000\040\000m\000n\001\033\000\040\000j\000d\000o\000u}{}% 89
\BOOKMARK [2][-]{section*.90}{\376\377\000O\000\040\000m\000a\000l\000\351\000m\000\040\000r\000y\000t\000\355\001\131\000i}{}% 90
\BOOKMARK [2][-]{section*.91}{\376\377\001\014\000e\000r\000n\000e\000j\000\040\000p\000a\000s\000a\001\176\000\351\000r}{}% 91
\BOOKMARK [2][-]{section*.92}{\376\377\000M\000a\000g\000d\000a\000l\000\351\000n\000a}{}% 92
\BOOKMARK [2][-]{section*.93}{\376\377\000D\000v\000a}{}% 93
\BOOKMARK [2][-]{section*.94}{\376\377\000T\001\131\000i\000\040\001\014\000u\000n\000\355\000c\000i}{}% 94
\BOOKMARK [2][-]{section*.95}{\376\377\000P\000r\000a\001\176\000s\000k\000e\000j\000\040\000d\000\351\000m\000o\000n}{}% 95
\BOOKMARK [2][-]{section*.96}{\376\377\000O\000s\000u\000d}{}% 96
\BOOKMARK [2][-]{section*.97}{\376\377\001\014\000e\000s\000k\000\341\000\040\000s\000t\000\341\000t\000n\000\355\000\040\000h\000y\000m\000n\000a}{}% 97
\BOOKMARK [2][-]{section*.98}{\376\377\000S\000k\000a\000u\000t\000s\000k\000\341\000\040\000v\000e\001\015\000e\000r\000k\000a}{}% 98
\BOOKMARK [2][-]{section*.99}{\376\377\000H\000v\001\033\000z\000d\000i\001\015\000k\000y\000\040\000d\000o\000b\000r\000o\000u\000\040\000n\000o\000c}{}% 99
\BOOKMARK [2][-]{section*.100}{\376\377\000J\000u\000n\000\341\000c\000k\000\341\000\040\000h\000y\000m\000n\000a}{}% 100
\BOOKMARK [2][-]{section*.101}{\376\377\000U\000k\000o\000l\000\351\000b\000a\000v\000k\000a}{}% 101
\BOOKMARK [2][-]{section*.102}{\376\377\000S\000l\000u\000n\000c\000e\000\040\000z\000a\000\040\000h\000o\000r\000y}{}% 102
\BOOKMARK [2][-]{section*.103}{\376\377\000M\000r\000a\000v\000e\000n\001\015\000\355\000\040\000U\000k\000o\000l\000\351\000b\000a\000v\000k\000a}{}% 103
\BOOKMARK [2][-]{section*.104}{\376\377\000B\000l\000\341\000z\000n\000o\000v\000a\000\040\000u\000k\000o\000l\000\351\000b\000a\000v\000k\000a}{}% 104
\BOOKMARK [2][-]{section*.105}{\376\377\000H\000o\000\040\000H\000o\000\040\000W\000a\000t\000a\000n\000a\000y}{}% 105
