\BOOKMARK [2][-]{subsection*.1}{\376\377\000A\000m\000a\000z\000o\000n\000k\000a}{}% 1
\BOOKMARK [2][-]{subsection*.2}{\376\377\000A\000n\000d\001\033\000l}{}% 2
\BOOKMARK [2][-]{subsection*.3}{\376\377\000B\000a\000t\000a\000l\000i\000o\000n}{}% 3
\BOOKMARK [2][-]{subsection*.4}{\376\377\000B\000l\000\341\000z\000n\000o\000v\000a\000\040\000u\000k\000o\000l\000\351\000b\000a\000v\000k\000a}{}% 4
\BOOKMARK [2][-]{subsection*.5}{\376\377\001\014\000e\000r\000n\000e\000j\000\040\000p\000a\000s\000a\001\176\000\351\000r}{}% 5
\BOOKMARK [2][-]{subsection*.6}{\376\377\000D\000a\000r\000m\000o\000d\001\033\000j}{}% 6
\BOOKMARK [2][-]{subsection*.7}{\376\377\000D\000e\000j\000\040\000m\000i\000\040\000v\000\355\000c\000\040\000s\000v\000\351\000\040\000l\000\341\000s\000k\000y}{}% 7
\BOOKMARK [2][-]{subsection*.8}{\376\377\000D\000o\000k\000u\000d\000\040\000s\000e\000\040\000z\000p\000\355\000v\000\341}{}% 8
\BOOKMARK [2][-]{subsection*.9}{\376\377\000H\000e\000j\000k\000a\000l}{}% 9
\BOOKMARK [2][-]{subsection*.10}{\376\377\000H\000o\000\040\000H\000o\000\040\000W\000a\000t\000a\000n\000a\000y}{}% 10
\BOOKMARK [2][-]{subsection*.11}{\376\377\000H\000r\000o\000b\000a\001\131}{}% 11
\BOOKMARK [2][-]{subsection*.12}{\376\377\000H\000v\001\033\000z\000d\000\341\001\131}{}% 12
\BOOKMARK [2][-]{subsection*.13}{\376\377\000I\000n\000d\000i\000\341\000n\000i\000\040\000v\000e\000\040\000m\001\033\000s\000t\001\033}{}% 13
\BOOKMARK [2][-]{subsection*.14}{\376\377\000J\000d\000e\000m\000\040\000z\000p\000\341\000t\000k\000y\000\040\000d\000o\000\040\000l\000e\000s\001\157}{}% 14
\BOOKMARK [2][-]{subsection*.15}{\376\377\000J\000d\000o\000u\000\040\000p\000o\000\040\000m\000n\001\033\000\040\000j\000d\000o\000u}{}% 15
\BOOKMARK [2][-]{subsection*.16}{\376\377\000J\000e\000s\000t\000e\000\040\000j\000e\000d\000n\000o\000\040\000k\000a\000f\000e}{}% 16
\BOOKMARK [2][-]{subsection*.17}{\376\377\000J\000o\001\176\000i\000n\000\040\000z\000\040\000b\000a\001\176\000i\000n}{}% 17
\BOOKMARK [2][-]{subsection*.18}{\376\377\000K\000n\000o\000c\000k\000i\000n\000'\000\040\000O\000n\000\040\000H\000e\000a\000v\000e\000n\000'\000s\000\040\000D\000o\000o\000r}{}% 18
\BOOKMARK [2][-]{subsection*.19}{\376\377\000K\000o\000m\000e\000t\000a}{}% 19
\BOOKMARK [2][-]{subsection*.20}{\376\377\000K\000o\000z\000e\000l}{}% 20
\BOOKMARK [2][-]{subsection*.21}{\376\377\000L\000i\000l\000i\000e\000\040\000S\000k\000a\000u\000t\000s\000k\000\341}{}% 21
\BOOKMARK [2][-]{subsection*.22}{\376\377\000L\000o\000u\000\040\000z\000\040\000L\000i\000l\000l\000e}{}% 22
\BOOKMARK [2][-]{subsection*.23}{\376\377\000L\000o\000v\000c\000i\000\040\000l\000e\000b\000e\000k}{}% 23
\BOOKMARK [2][-]{subsection*.24}{\376\377\000M\000a\000l\000o\000v\000\341\000n\000\355}{}% 24
\BOOKMARK [2][-]{subsection*.25}{\376\377\000M\000e\000z\000i\000\040\000h\000o\000r\000a\000m\000i}{}% 25
\BOOKMARK [2][-]{subsection*.26}{\376\377\000M\000o\000r\000i\000t\000u\000r\000i\000\040\000t\000e\000\040\000s\000a\000l\000u\000t\000a\000n\000t}{}% 26
\BOOKMARK [2][-]{subsection*.27}{\376\377\000O\000\040\000m\000a\000l\000\351\000m\000\040\000r\000y\000t\000\355\001\131\000i}{}% 27
\BOOKMARK [2][-]{subsection*.28}{\376\377\000O\000m\000n\000i\000a\000\040\000v\000i\000n\000c\000i\000t\000\040\000a\000m\000o\000r}{}% 28
\BOOKMARK [2][-]{subsection*.29}{\376\377\000P\000a\001\176\000i\000t\000k\000a}{}% 29
\BOOKMARK [2][-]{subsection*.30}{\376\377\000P\000r\000o\000m\000e\000n\000y}{}% 30
\BOOKMARK [2][-]{subsection*.31}{\376\377\000R\000a\000c\000c\000i}{}% 31
\BOOKMARK [2][-]{subsection*.32}{\376\377\000R\000\341\000n\000a\000\040\000v\000\040\000t\000r\000\341\000v\001\033}{}% 32
\BOOKMARK [2][-]{subsection*.33}{\376\377\001\130\000e\000k\000n\000i\000,\000k\000d\000e\000\040\000t\000y\000\040\000k\000y\000t\000k\000y\000\040\000j\000s\000o\000u}{}% 33
\BOOKMARK [2][-]{subsection*.34}{\376\377\000R\000o\000s\000a\000\040\000n\000a\000\040\000k\000o\000l\000e\000j\000\355\000c\000h}{}% 34
\BOOKMARK [2][-]{subsection*.35}{\376\377\000S\000\341\000r\000o\000!}{}% 35
\BOOKMARK [2][-]{subsection*.36}{\376\377\000S\000e\000v\000e\000r\000n\000\355\000\040\000v\000\355\000t\000r}{}% 36
\BOOKMARK [2][-]{subsection*.37}{\376\377\000S\000l\000a\000v\000\355\000c\000i\000\040\000z\000\040\000M\000a\000d\000r\000i\000d\000u}{}% 37
\BOOKMARK [2][-]{subsection*.38}{\376\377\000T\001\033\001\141\000\355\000n\000s\000k\000\341}{}% 38
\BOOKMARK [2][-]{subsection*.39}{\376\377\000T\000r\000a\000k\000t\000o\000r}{}% 39
\BOOKMARK [2][-]{subsection*.40}{\376\377\000U\001\176\000\040\000t\000o\000\040\000n\000e\000n\000a\000p\000r\000a\000v\000\355\000m}{}% 40
\BOOKMARK [2][-]{subsection*.41}{\376\377\000V\000c\000e\000l\000i\000n}{}% 41
\BOOKMARK [2][-]{subsection*.42}{\376\377\000V\000\355\000t\000r\000\040\000t\000o\000\040\000v\000\355}{}% 42
\BOOKMARK [2][-]{subsection*.43}{\376\377\000V\000l\000a\001\141\000t\000o\000v\000k\000y}{}% 43
\BOOKMARK [2][-]{subsection*.44}{\376\377\000Z\000e\000j\000t\000r\000a\000\040\000m\000a\000m}{}% 44
\BOOKMARK [2][-]{subsection*.45}{\376\377\0001\000.\000\040\000s\000i\000g\000n\000\341\000l\000n\000\355}{}% 45
